The system is: Linux - 2.6.32-642.3.1.el6.x86_64 - x86_64
Compiling the C compiler identification source file "CMakeCCompilerId.c" succeeded.
Compiler: /usr/lib64/ccache/cc 
Build flags: 
Id flags: 

The output was:
0


Compilation of the C compiler identification source "CMakeCCompilerId.c" produced "a.out"

The C compiler identification is GNU, found in "/uhpc/roysam/hlu8/project/Cell-Tracking/Deep-TIMING/DT1-preprocessor/clip_rescale/bin/CMakeFiles/3.5.1/CompilerIdC/a.out"

Compiling the CXX compiler identification source file "CMakeCXXCompilerId.cpp" succeeded.
Compiler: /usr/lib64/ccache/c++ 
Build flags: 
Id flags: 

The output was:
0


Compilation of the CXX compiler identification source "CMakeCXXCompilerId.cpp" produced "a.out"

The CXX compiler identification is GNU, found in "/uhpc/roysam/hlu8/project/Cell-Tracking/Deep-TIMING/DT1-preprocessor/clip_rescale/bin/CMakeFiles/3.5.1/CompilerIdCXX/a.out"

Determining if the C compiler works passed with the following output:
Change Dir: /uhpc/roysam/hlu8/project/Cell-Tracking/Deep-TIMING/DT1-preprocessor/clip_rescale/bin/CMakeFiles/CMakeTmp

Run Build Command:"/usr/bin/gmake" "cmTC_809ec/fast"
/usr/bin/gmake -f CMakeFiles/cmTC_809ec.dir/build.make CMakeFiles/cmTC_809ec.dir/build
gmake[1]: Entering directory `/uhpc/roysam/hlu8/project/Cell-Tracking/Deep-TIMING/DT1-preprocessor/clip_rescale/bin/CMakeFiles/CMakeTmp'
Building C object CMakeFiles/cmTC_809ec.dir/testCCompiler.c.o
/usr/lib64/ccache/cc     -o CMakeFiles/cmTC_809ec.dir/testCCompiler.c.o   -c /uhpc/roysam/hlu8/project/Cell-Tracking/Deep-TIMING/DT1-preprocessor/clip_rescale/bin/CMakeFiles/CMakeTmp/testCCompiler.c
Linking C executable cmTC_809ec
/share/apps/cmake-3.5.1/bin/cmake -E cmake_link_script CMakeFiles/cmTC_809ec.dir/link.txt --verbose=1
/usr/lib64/ccache/cc      -L/uhpc/apps/source/opencv-3.3.0-cuda-8.0/lib -L/usr/lib64/nvidia -L/usr/lib/nvidia -L/share/apps/cudatoolkit-8.0/lib64 -L/share/apps/cudatoolkit-8.0/lib -L/share/apps/gcc/5.4.0/lib64 -L/share/apps/openmpi-1.10.2/lib  CMakeFiles/cmTC_809ec.dir/testCCompiler.c.o  -o cmTC_809ec -rdynamic 
gmake[1]: Leaving directory `/uhpc/roysam/hlu8/project/Cell-Tracking/Deep-TIMING/DT1-preprocessor/clip_rescale/bin/CMakeFiles/CMakeTmp'


Detecting C compiler ABI info compiled with the following output:
Change Dir: /uhpc/roysam/hlu8/project/Cell-Tracking/Deep-TIMING/DT1-preprocessor/clip_rescale/bin/CMakeFiles/CMakeTmp

Run Build Command:"/usr/bin/gmake" "cmTC_60ada/fast"
/usr/bin/gmake -f CMakeFiles/cmTC_60ada.dir/build.make CMakeFiles/cmTC_60ada.dir/build
gmake[1]: Entering directory `/uhpc/roysam/hlu8/project/Cell-Tracking/Deep-TIMING/DT1-preprocessor/clip_rescale/bin/CMakeFiles/CMakeTmp'
Building C object CMakeFiles/cmTC_60ada.dir/CMakeCCompilerABI.c.o
/usr/lib64/ccache/cc     -o CMakeFiles/cmTC_60ada.dir/CMakeCCompilerABI.c.o   -c /share/apps/cmake-3.5.1/share/cmake-3.5/Modules/CMakeCCompilerABI.c
Linking C executable cmTC_60ada
/share/apps/cmake-3.5.1/bin/cmake -E cmake_link_script CMakeFiles/cmTC_60ada.dir/link.txt --verbose=1
/usr/lib64/ccache/cc      -L/uhpc/apps/source/opencv-3.3.0-cuda-8.0/lib -L/usr/lib64/nvidia -L/usr/lib/nvidia -L/share/apps/cudatoolkit-8.0/lib64 -L/share/apps/cudatoolkit-8.0/lib -L/share/apps/gcc/5.4.0/lib64 -L/share/apps/openmpi-1.10.2/lib -v CMakeFiles/cmTC_60ada.dir/CMakeCCompilerABI.c.o  -o cmTC_60ada -rdynamic  
Using built-in specs.
Target: x86_64-redhat-linux
Configured with: ../configure --prefix=/usr --mandir=/usr/share/man --infodir=/usr/share/info --with-bugurl=http://bugzilla.redhat.com/bugzilla --enable-bootstrap --enable-shared --enable-threads=posix --enable-checking=release --with-system-zlib --enable-__cxa_atexit --disable-libunwind-exceptions --enable-gnu-unique-object --enable-languages=c,c++,objc,obj-c++,java,fortran,ada --enable-java-awt=gtk --disable-dssi --with-java-home=/usr/lib/jvm/java-1.5.0-gcj-1.5.0.0/jre --enable-libgcj-multifile --enable-java-maintainer-mode --with-ecj-jar=/usr/share/java/eclipse-ecj.jar --disable-libjava-multilib --with-ppl --with-cloog --with-tune=generic --with-arch_32=i686 --build=x86_64-redhat-linux
Thread model: posix
gcc version 4.4.7 20120313 (Red Hat 4.4.7-17) (GCC) 
COMPILER_PATH=/usr/libexec/gcc/x86_64-redhat-linux/4.4.7/:/usr/libexec/gcc/x86_64-redhat-linux/4.4.7/:/usr/libexec/gcc/x86_64-redhat-linux/:/usr/lib/gcc/x86_64-redhat-linux/4.4.7/:/usr/lib/gcc/x86_64-redhat-linux/:/usr/libexec/gcc/x86_64-redhat-linux/4.4.7/:/usr/libexec/gcc/x86_64-redhat-linux/:/usr/lib/gcc/x86_64-redhat-linux/4.4.7/:/usr/lib/gcc/x86_64-redhat-linux/
LIBRARY_PATH=/usr/lib/gcc/x86_64-redhat-linux/4.4.7/:/usr/lib/gcc/x86_64-redhat-linux/4.4.7/:/usr/lib/gcc/x86_64-redhat-linux/4.4.7/../../../../lib64/:/lib/../lib64/:/usr/lib/../lib64/:/usr/lib/gcc/x86_64-redhat-linux/4.4.7/../../../:/lib/:/usr/lib/
COLLECT_GCC_OPTIONS='-L/uhpc/apps/source/opencv-3.3.0-cuda-8.0/lib' '-L/usr/lib64/nvidia' '-L/usr/lib/nvidia' '-L/share/apps/cudatoolkit-8.0/lib64' '-L/share/apps/cudatoolkit-8.0/lib' '-L/share/apps/gcc/5.4.0/lib64' '-L/share/apps/openmpi-1.10.2/lib' '-v' '-o' 'cmTC_60ada' '-rdynamic' '-mtune=generic'
 /usr/libexec/gcc/x86_64-redhat-linux/4.4.7/collect2 --eh-frame-hdr --build-id -m elf_x86_64 --hash-style=gnu -export-dynamic -dynamic-linker /lib64/ld-linux-x86-64.so.2 -o cmTC_60ada /usr/lib/gcc/x86_64-redhat-linux/4.4.7/../../../../lib64/crt1.o /usr/lib/gcc/x86_64-redhat-linux/4.4.7/../../../../lib64/crti.o /usr/lib/gcc/x86_64-redhat-linux/4.4.7/crtbegin.o -L/uhpc/apps/source/opencv-3.3.0-cuda-8.0/lib -L/usr/lib64/nvidia -L/usr/lib/nvidia -L/share/apps/cudatoolkit-8.0/lib64 -L/share/apps/cudatoolkit-8.0/lib -L/share/apps/gcc/5.4.0/lib64 -L/share/apps/openmpi-1.10.2/lib -L/usr/lib/gcc/x86_64-redhat-linux/4.4.7 -L/usr/lib/gcc/x86_64-redhat-linux/4.4.7 -L/usr/lib/gcc/x86_64-redhat-linux/4.4.7/../../../../lib64 -L/lib/../lib64 -L/usr/lib/../lib64 -L/usr/lib/gcc/x86_64-redhat-linux/4.4.7/../../.. CMakeFiles/cmTC_60ada.dir/CMakeCCompilerABI.c.o -lgcc --as-needed -lgcc_s --no-as-needed -lc -lgcc --as-needed -lgcc_s --no-as-needed /usr/lib/gcc/x86_64-redhat-linux/4.4.7/crtend.o /usr/lib/gcc/x86_64-redhat-linux/4.4.7/../../../../lib64/crtn.o
gmake[1]: Leaving directory `/uhpc/roysam/hlu8/project/Cell-Tracking/Deep-TIMING/DT1-preprocessor/clip_rescale/bin/CMakeFiles/CMakeTmp'


Parsed C implicit link information from above output:
  link line regex: [^( *|.*[/\])(ld|([^/\]+-)?ld|collect2)[^/\]*( |$)]
  ignore line: [Change Dir: /uhpc/roysam/hlu8/project/Cell-Tracking/Deep-TIMING/DT1-preprocessor/clip_rescale/bin/CMakeFiles/CMakeTmp]
  ignore line: []
  ignore line: [Run Build Command:"/usr/bin/gmake" "cmTC_60ada/fast"]
  ignore line: [/usr/bin/gmake -f CMakeFiles/cmTC_60ada.dir/build.make CMakeFiles/cmTC_60ada.dir/build]
  ignore line: [gmake[1]: Entering directory `/uhpc/roysam/hlu8/project/Cell-Tracking/Deep-TIMING/DT1-preprocessor/clip_rescale/bin/CMakeFiles/CMakeTmp']
  ignore line: [Building C object CMakeFiles/cmTC_60ada.dir/CMakeCCompilerABI.c.o]
  ignore line: [/usr/lib64/ccache/cc     -o CMakeFiles/cmTC_60ada.dir/CMakeCCompilerABI.c.o   -c /share/apps/cmake-3.5.1/share/cmake-3.5/Modules/CMakeCCompilerABI.c]
  ignore line: [Linking C executable cmTC_60ada]
  ignore line: [/share/apps/cmake-3.5.1/bin/cmake -E cmake_link_script CMakeFiles/cmTC_60ada.dir/link.txt --verbose=1]
  ignore line: [/usr/lib64/ccache/cc      -L/uhpc/apps/source/opencv-3.3.0-cuda-8.0/lib -L/usr/lib64/nvidia -L/usr/lib/nvidia -L/share/apps/cudatoolkit-8.0/lib64 -L/share/apps/cudatoolkit-8.0/lib -L/share/apps/gcc/5.4.0/lib64 -L/share/apps/openmpi-1.10.2/lib -v CMakeFiles/cmTC_60ada.dir/CMakeCCompilerABI.c.o  -o cmTC_60ada -rdynamic  ]
  ignore line: [Using built-in specs.]
  ignore line: [Target: x86_64-redhat-linux]
  ignore line: [Configured with: ../configure --prefix=/usr --mandir=/usr/share/man --infodir=/usr/share/info --with-bugurl=http://bugzilla.redhat.com/bugzilla --enable-bootstrap --enable-shared --enable-threads=posix --enable-checking=release --with-system-zlib --enable-__cxa_atexit --disable-libunwind-exceptions --enable-gnu-unique-object --enable-languages=c,c++,objc,obj-c++,java,fortran,ada --enable-java-awt=gtk --disable-dssi --with-java-home=/usr/lib/jvm/java-1.5.0-gcj-1.5.0.0/jre --enable-libgcj-multifile --enable-java-maintainer-mode --with-ecj-jar=/usr/share/java/eclipse-ecj.jar --disable-libjava-multilib --with-ppl --with-cloog --with-tune=generic --with-arch_32=i686 --build=x86_64-redhat-linux]
  ignore line: [Thread model: posix]
  ignore line: [gcc version 4.4.7 20120313 (Red Hat 4.4.7-17) (GCC) ]
  ignore line: [COMPILER_PATH=/usr/libexec/gcc/x86_64-redhat-linux/4.4.7/:/usr/libexec/gcc/x86_64-redhat-linux/4.4.7/:/usr/libexec/gcc/x86_64-redhat-linux/:/usr/lib/gcc/x86_64-redhat-linux/4.4.7/:/usr/lib/gcc/x86_64-redhat-linux/:/usr/libexec/gcc/x86_64-redhat-linux/4.4.7/:/usr/libexec/gcc/x86_64-redhat-linux/:/usr/lib/gcc/x86_64-redhat-linux/4.4.7/:/usr/lib/gcc/x86_64-redhat-linux/]
  ignore line: [LIBRARY_PATH=/usr/lib/gcc/x86_64-redhat-linux/4.4.7/:/usr/lib/gcc/x86_64-redhat-linux/4.4.7/:/usr/lib/gcc/x86_64-redhat-linux/4.4.7/../../../../lib64/:/lib/../lib64/:/usr/lib/../lib64/:/usr/lib/gcc/x86_64-redhat-linux/4.4.7/../../../:/lib/:/usr/lib/]
  ignore line: [COLLECT_GCC_OPTIONS='-L/uhpc/apps/source/opencv-3.3.0-cuda-8.0/lib' '-L/usr/lib64/nvidia' '-L/usr/lib/nvidia' '-L/share/apps/cudatoolkit-8.0/lib64' '-L/share/apps/cudatoolkit-8.0/lib' '-L/share/apps/gcc/5.4.0/lib64' '-L/share/apps/openmpi-1.10.2/lib' '-v' '-o' 'cmTC_60ada' '-rdynamic' '-mtune=generic']
  link line: [ /usr/libexec/gcc/x86_64-redhat-linux/4.4.7/collect2 --eh-frame-hdr --build-id -m elf_x86_64 --hash-style=gnu -export-dynamic -dynamic-linker /lib64/ld-linux-x86-64.so.2 -o cmTC_60ada /usr/lib/gcc/x86_64-redhat-linux/4.4.7/../../../../lib64/crt1.o /usr/lib/gcc/x86_64-redhat-linux/4.4.7/../../../../lib64/crti.o /usr/lib/gcc/x86_64-redhat-linux/4.4.7/crtbegin.o -L/uhpc/apps/source/opencv-3.3.0-cuda-8.0/lib -L/usr/lib64/nvidia -L/usr/lib/nvidia -L/share/apps/cudatoolkit-8.0/lib64 -L/share/apps/cudatoolkit-8.0/lib -L/share/apps/gcc/5.4.0/lib64 -L/share/apps/openmpi-1.10.2/lib -L/usr/lib/gcc/x86_64-redhat-linux/4.4.7 -L/usr/lib/gcc/x86_64-redhat-linux/4.4.7 -L/usr/lib/gcc/x86_64-redhat-linux/4.4.7/../../../../lib64 -L/lib/../lib64 -L/usr/lib/../lib64 -L/usr/lib/gcc/x86_64-redhat-linux/4.4.7/../../.. CMakeFiles/cmTC_60ada.dir/CMakeCCompilerABI.c.o -lgcc --as-needed -lgcc_s --no-as-needed -lc -lgcc --as-needed -lgcc_s --no-as-needed /usr/lib/gcc/x86_64-redhat-linux/4.4.7/crtend.o /usr/lib/gcc/x86_64-redhat-linux/4.4.7/../../../../lib64/crtn.o]
    arg [/usr/libexec/gcc/x86_64-redhat-linux/4.4.7/collect2] ==> ignore
    arg [--eh-frame-hdr] ==> ignore
    arg [--build-id] ==> ignore
    arg [-m] ==> ignore
    arg [elf_x86_64] ==> ignore
    arg [--hash-style=gnu] ==> ignore
    arg [-export-dynamic] ==> ignore
    arg [-dynamic-linker] ==> ignore
    arg [/lib64/ld-linux-x86-64.so.2] ==> ignore
    arg [-o] ==> ignore
    arg [cmTC_60ada] ==> ignore
    arg [/usr/lib/gcc/x86_64-redhat-linux/4.4.7/../../../../lib64/crt1.o] ==> ignore
    arg [/usr/lib/gcc/x86_64-redhat-linux/4.4.7/../../../../lib64/crti.o] ==> ignore
    arg [/usr/lib/gcc/x86_64-redhat-linux/4.4.7/crtbegin.o] ==> ignore
    arg [-L/uhpc/apps/source/opencv-3.3.0-cuda-8.0/lib] ==> dir [/uhpc/apps/source/opencv-3.3.0-cuda-8.0/lib]
    arg [-L/usr/lib64/nvidia] ==> dir [/usr/lib64/nvidia]
    arg [-L/usr/lib/nvidia] ==> dir [/usr/lib/nvidia]
    arg [-L/share/apps/cudatoolkit-8.0/lib64] ==> dir [/share/apps/cudatoolkit-8.0/lib64]
    arg [-L/share/apps/cudatoolkit-8.0/lib] ==> dir [/share/apps/cudatoolkit-8.0/lib]
    arg [-L/share/apps/gcc/5.4.0/lib64] ==> dir [/share/apps/gcc/5.4.0/lib64]
    arg [-L/share/apps/openmpi-1.10.2/lib] ==> dir [/share/apps/openmpi-1.10.2/lib]
    arg [-L/usr/lib/gcc/x86_64-redhat-linux/4.4.7] ==> dir [/usr/lib/gcc/x86_64-redhat-linux/4.4.7]
    arg [-L/usr/lib/gcc/x86_64-redhat-linux/4.4.7] ==> dir [/usr/lib/gcc/x86_64-redhat-linux/4.4.7]
    arg [-L/usr/lib/gcc/x86_64-redhat-linux/4.4.7/../../../../lib64] ==> dir [/usr/lib/gcc/x86_64-redhat-linux/4.4.7/../../../../lib64]
    arg [-L/lib/../lib64] ==> dir [/lib/../lib64]
    arg [-L/usr/lib/../lib64] ==> dir [/usr/lib/../lib64]
    arg [-L/usr/lib/gcc/x86_64-redhat-linux/4.4.7/../../..] ==> dir [/usr/lib/gcc/x86_64-redhat-linux/4.4.7/../../..]
    arg [CMakeFiles/cmTC_60ada.dir/CMakeCCompilerABI.c.o] ==> ignore
    arg [-lgcc] ==> lib [gcc]
    arg [--as-needed] ==> ignore
    arg [-lgcc_s] ==> lib [gcc_s]
    arg [--no-as-needed] ==> ignore
    arg [-lc] ==> lib [c]
    arg [-lgcc] ==> lib [gcc]
    arg [--as-needed] ==> ignore
    arg [-lgcc_s] ==> lib [gcc_s]
    arg [--no-as-needed] ==> ignore
    arg [/usr/lib/gcc/x86_64-redhat-linux/4.4.7/crtend.o] ==> ignore
    arg [/usr/lib/gcc/x86_64-redhat-linux/4.4.7/../../../../lib64/crtn.o] ==> ignore
  remove lib [gcc]
  remove lib [gcc_s]
  remove lib [gcc]
  remove lib [gcc_s]
  collapse library dir [/uhpc/apps/source/opencv-3.3.0-cuda-8.0/lib] ==> [/uhpc/apps/source/opencv-3.3.0-cuda-8.0/lib]
  collapse library dir [/usr/lib64/nvidia] ==> [/usr/lib64/nvidia]
  collapse library dir [/usr/lib/nvidia] ==> [/usr/lib/nvidia]
  collapse library dir [/share/apps/cudatoolkit-8.0/lib64] ==> [/share/apps/cudatoolkit-8.0/lib64]
  collapse library dir [/share/apps/cudatoolkit-8.0/lib] ==> [/share/apps/cudatoolkit-8.0/lib]
  collapse library dir [/share/apps/gcc/5.4.0/lib64] ==> [/share/apps/gcc/5.4.0/lib64]
  collapse library dir [/share/apps/openmpi-1.10.2/lib] ==> [/share/apps/openmpi-1.10.2/lib]
  collapse library dir [/usr/lib/gcc/x86_64-redhat-linux/4.4.7] ==> [/usr/lib/gcc/x86_64-redhat-linux/4.4.7]
  collapse library dir [/usr/lib/gcc/x86_64-redhat-linux/4.4.7] ==> [/usr/lib/gcc/x86_64-redhat-linux/4.4.7]
  collapse library dir [/usr/lib/gcc/x86_64-redhat-linux/4.4.7/../../../../lib64] ==> [/usr/lib64]
  collapse library dir [/lib/../lib64] ==> [/lib64]
  collapse library dir [/usr/lib/../lib64] ==> [/usr/lib64]
  collapse library dir [/usr/lib/gcc/x86_64-redhat-linux/4.4.7/../../..] ==> [/usr/lib]
  implicit libs: [c]
  implicit dirs: [/uhpc/apps/source/opencv-3.3.0-cuda-8.0/lib;/usr/lib64/nvidia;/usr/lib/nvidia;/share/apps/cudatoolkit-8.0/lib64;/share/apps/cudatoolkit-8.0/lib;/share/apps/gcc/5.4.0/lib64;/share/apps/openmpi-1.10.2/lib;/usr/lib/gcc/x86_64-redhat-linux/4.4.7;/usr/lib64;/lib64;/usr/lib]
  implicit fwks: []




Detecting C [-std=c99] compiler features compiled with the following output:
Change Dir: /uhpc/roysam/hlu8/project/Cell-Tracking/Deep-TIMING/DT1-preprocessor/clip_rescale/bin/CMakeFiles/CMakeTmp

Run Build Command:"/usr/bin/gmake" "cmTC_4c7f0/fast"
/usr/bin/gmake -f CMakeFiles/cmTC_4c7f0.dir/build.make CMakeFiles/cmTC_4c7f0.dir/build
gmake[1]: Entering directory `/uhpc/roysam/hlu8/project/Cell-Tracking/Deep-TIMING/DT1-preprocessor/clip_rescale/bin/CMakeFiles/CMakeTmp'
Building C object CMakeFiles/cmTC_4c7f0.dir/feature_tests.c.o
/usr/lib64/ccache/cc    -std=c99 -o CMakeFiles/cmTC_4c7f0.dir/feature_tests.c.o   -c /uhpc/roysam/hlu8/project/Cell-Tracking/Deep-TIMING/DT1-preprocessor/clip_rescale/bin/CMakeFiles/feature_tests.c
Linking C executable cmTC_4c7f0
/share/apps/cmake-3.5.1/bin/cmake -E cmake_link_script CMakeFiles/cmTC_4c7f0.dir/link.txt --verbose=1
/usr/lib64/ccache/cc      -L/uhpc/apps/source/opencv-3.3.0-cuda-8.0/lib -L/usr/lib64/nvidia -L/usr/lib/nvidia -L/share/apps/cudatoolkit-8.0/lib64 -L/share/apps/cudatoolkit-8.0/lib -L/share/apps/gcc/5.4.0/lib64 -L/share/apps/openmpi-1.10.2/lib  CMakeFiles/cmTC_4c7f0.dir/feature_tests.c.o  -o cmTC_4c7f0 -rdynamic 
gmake[1]: Leaving directory `/uhpc/roysam/hlu8/project/Cell-Tracking/Deep-TIMING/DT1-preprocessor/clip_rescale/bin/CMakeFiles/CMakeTmp'


    Feature record: C_FEATURE:1c_function_prototypes
    Feature record: C_FEATURE:1c_restrict
    Feature record: C_FEATURE:0c_static_assert
    Feature record: C_FEATURE:1c_variadic_macros


Detecting C [-std=c89] compiler features compiled with the following output:
Change Dir: /uhpc/roysam/hlu8/project/Cell-Tracking/Deep-TIMING/DT1-preprocessor/clip_rescale/bin/CMakeFiles/CMakeTmp

Run Build Command:"/usr/bin/gmake" "cmTC_64b62/fast"
/usr/bin/gmake -f CMakeFiles/cmTC_64b62.dir/build.make CMakeFiles/cmTC_64b62.dir/build
gmake[1]: Entering directory `/uhpc/roysam/hlu8/project/Cell-Tracking/Deep-TIMING/DT1-preprocessor/clip_rescale/bin/CMakeFiles/CMakeTmp'
Building C object CMakeFiles/cmTC_64b62.dir/feature_tests.c.o
/usr/lib64/ccache/cc    -std=c89 -o CMakeFiles/cmTC_64b62.dir/feature_tests.c.o   -c /uhpc/roysam/hlu8/project/Cell-Tracking/Deep-TIMING/DT1-preprocessor/clip_rescale/bin/CMakeFiles/feature_tests.c
Linking C executable cmTC_64b62
/share/apps/cmake-3.5.1/bin/cmake -E cmake_link_script CMakeFiles/cmTC_64b62.dir/link.txt --verbose=1
/usr/lib64/ccache/cc      -L/uhpc/apps/source/opencv-3.3.0-cuda-8.0/lib -L/usr/lib64/nvidia -L/usr/lib/nvidia -L/share/apps/cudatoolkit-8.0/lib64 -L/share/apps/cudatoolkit-8.0/lib -L/share/apps/gcc/5.4.0/lib64 -L/share/apps/openmpi-1.10.2/lib  CMakeFiles/cmTC_64b62.dir/feature_tests.c.o  -o cmTC_64b62 -rdynamic 
gmake[1]: Leaving directory `/uhpc/roysam/hlu8/project/Cell-Tracking/Deep-TIMING/DT1-preprocessor/clip_rescale/bin/CMakeFiles/CMakeTmp'


    Feature record: C_FEATURE:1c_function_prototypes
    Feature record: C_FEATURE:0c_restrict
    Feature record: C_FEATURE:0c_static_assert
    Feature record: C_FEATURE:0c_variadic_macros
Determining if the CXX compiler works passed with the following output:
Change Dir: /uhpc/roysam/hlu8/project/Cell-Tracking/Deep-TIMING/DT1-preprocessor/clip_rescale/bin/CMakeFiles/CMakeTmp

Run Build Command:"/usr/bin/gmake" "cmTC_cee75/fast"
/usr/bin/gmake -f CMakeFiles/cmTC_cee75.dir/build.make CMakeFiles/cmTC_cee75.dir/build
gmake[1]: Entering directory `/uhpc/roysam/hlu8/project/Cell-Tracking/Deep-TIMING/DT1-preprocessor/clip_rescale/bin/CMakeFiles/CMakeTmp'
Building CXX object CMakeFiles/cmTC_cee75.dir/testCXXCompiler.cxx.o
/usr/lib64/ccache/c++      -o CMakeFiles/cmTC_cee75.dir/testCXXCompiler.cxx.o -c /uhpc/roysam/hlu8/project/Cell-Tracking/Deep-TIMING/DT1-preprocessor/clip_rescale/bin/CMakeFiles/CMakeTmp/testCXXCompiler.cxx
Linking CXX executable cmTC_cee75
/share/apps/cmake-3.5.1/bin/cmake -E cmake_link_script CMakeFiles/cmTC_cee75.dir/link.txt --verbose=1
/usr/lib64/ccache/c++       -L/uhpc/apps/source/opencv-3.3.0-cuda-8.0/lib -L/usr/lib64/nvidia -L/usr/lib/nvidia -L/share/apps/cudatoolkit-8.0/lib64 -L/share/apps/cudatoolkit-8.0/lib -L/share/apps/gcc/5.4.0/lib64 -L/share/apps/openmpi-1.10.2/lib  CMakeFiles/cmTC_cee75.dir/testCXXCompiler.cxx.o  -o cmTC_cee75 -rdynamic 
gmake[1]: Leaving directory `/uhpc/roysam/hlu8/project/Cell-Tracking/Deep-TIMING/DT1-preprocessor/clip_rescale/bin/CMakeFiles/CMakeTmp'


Detecting CXX compiler ABI info compiled with the following output:
Change Dir: /uhpc/roysam/hlu8/project/Cell-Tracking/Deep-TIMING/DT1-preprocessor/clip_rescale/bin/CMakeFiles/CMakeTmp

Run Build Command:"/usr/bin/gmake" "cmTC_d096d/fast"
/usr/bin/gmake -f CMakeFiles/cmTC_d096d.dir/build.make CMakeFiles/cmTC_d096d.dir/build
gmake[1]: Entering directory `/uhpc/roysam/hlu8/project/Cell-Tracking/Deep-TIMING/DT1-preprocessor/clip_rescale/bin/CMakeFiles/CMakeTmp'
Building CXX object CMakeFiles/cmTC_d096d.dir/CMakeCXXCompilerABI.cpp.o
/usr/lib64/ccache/c++      -o CMakeFiles/cmTC_d096d.dir/CMakeCXXCompilerABI.cpp.o -c /share/apps/cmake-3.5.1/share/cmake-3.5/Modules/CMakeCXXCompilerABI.cpp
Linking CXX executable cmTC_d096d
/share/apps/cmake-3.5.1/bin/cmake -E cmake_link_script CMakeFiles/cmTC_d096d.dir/link.txt --verbose=1
/usr/lib64/ccache/c++       -L/uhpc/apps/source/opencv-3.3.0-cuda-8.0/lib -L/usr/lib64/nvidia -L/usr/lib/nvidia -L/share/apps/cudatoolkit-8.0/lib64 -L/share/apps/cudatoolkit-8.0/lib -L/share/apps/gcc/5.4.0/lib64 -L/share/apps/openmpi-1.10.2/lib -v CMakeFiles/cmTC_d096d.dir/CMakeCXXCompilerABI.cpp.o  -o cmTC_d096d -rdynamic  
Using built-in specs.
COLLECT_GCC=/share/apps/gcc/5.4.0/bin/c++
COLLECT_LTO_WRAPPER=/share/apps/gcc/5.4.0/libexec/gcc/x86_64-redhat-linux/5.4.0/lto-wrapper
Target: x86_64-redhat-linux
Configured with: ../gcc-5.4.0/configure --prefix=/share/apps/gcc/5.4.0 --enable-threads=posix --with-cloog --disable-multilib --build=x86_64-redhat-linux
Thread model: posix
gcc version 5.4.0 (GCC) 
COMPILER_PATH=/share/apps/gcc/5.4.0/libexec/gcc/x86_64-redhat-linux/5.4.0/:/share/apps/gcc/5.4.0/libexec/gcc/x86_64-redhat-linux/5.4.0/:/share/apps/gcc/5.4.0/libexec/gcc/x86_64-redhat-linux/:/share/apps/gcc/5.4.0/lib/gcc/x86_64-redhat-linux/5.4.0/:/share/apps/gcc/5.4.0/lib/gcc/x86_64-redhat-linux/
LIBRARY_PATH=/share/apps/gcc/5.4.0/lib/gcc/x86_64-redhat-linux/5.4.0/:/share/apps/gcc/5.4.0/lib/gcc/x86_64-redhat-linux/5.4.0/../../../../lib64/:/lib/../lib64/:/usr/lib/../lib64/:/share/apps/gcc/5.4.0/lib/gcc/x86_64-redhat-linux/5.4.0/../../../:/lib/:/usr/lib/
COLLECT_GCC_OPTIONS='-L/uhpc/apps/source/opencv-3.3.0-cuda-8.0/lib' '-L/usr/lib64/nvidia' '-L/usr/lib/nvidia' '-L/share/apps/cudatoolkit-8.0/lib64' '-L/share/apps/cudatoolkit-8.0/lib' '-L/share/apps/gcc/5.4.0/lib64' '-L/share/apps/openmpi-1.10.2/lib' '-v' '-o' 'cmTC_d096d' '-rdynamic' '-shared-libgcc' '-mtune=generic' '-march=x86-64'
 /share/apps/gcc/5.4.0/libexec/gcc/x86_64-redhat-linux/5.4.0/collect2 --eh-frame-hdr -m elf_x86_64 -export-dynamic -dynamic-linker /lib64/ld-linux-x86-64.so.2 -o cmTC_d096d /usr/lib/../lib64/crt1.o /usr/lib/../lib64/crti.o /share/apps/gcc/5.4.0/lib/gcc/x86_64-redhat-linux/5.4.0/crtbegin.o -L/uhpc/apps/source/opencv-3.3.0-cuda-8.0/lib -L/usr/lib64/nvidia -L/usr/lib/nvidia -L/share/apps/cudatoolkit-8.0/lib64 -L/share/apps/cudatoolkit-8.0/lib -L/share/apps/gcc/5.4.0/lib64 -L/share/apps/openmpi-1.10.2/lib -L/share/apps/gcc/5.4.0/lib/gcc/x86_64-redhat-linux/5.4.0 -L/share/apps/gcc/5.4.0/lib/gcc/x86_64-redhat-linux/5.4.0/../../../../lib64 -L/lib/../lib64 -L/usr/lib/../lib64 -L/share/apps/gcc/5.4.0/lib/gcc/x86_64-redhat-linux/5.4.0/../../.. CMakeFiles/cmTC_d096d.dir/CMakeCXXCompilerABI.cpp.o -lstdc++ -lm -lgcc_s -lgcc -lc -lgcc_s -lgcc /share/apps/gcc/5.4.0/lib/gcc/x86_64-redhat-linux/5.4.0/crtend.o /usr/lib/../lib64/crtn.o
gmake[1]: Leaving directory `/uhpc/roysam/hlu8/project/Cell-Tracking/Deep-TIMING/DT1-preprocessor/clip_rescale/bin/CMakeFiles/CMakeTmp'


Parsed CXX implicit link information from above output:
  link line regex: [^( *|.*[/\])(ld|([^/\]+-)?ld|collect2)[^/\]*( |$)]
  ignore line: [Change Dir: /uhpc/roysam/hlu8/project/Cell-Tracking/Deep-TIMING/DT1-preprocessor/clip_rescale/bin/CMakeFiles/CMakeTmp]
  ignore line: []
  ignore line: [Run Build Command:"/usr/bin/gmake" "cmTC_d096d/fast"]
  ignore line: [/usr/bin/gmake -f CMakeFiles/cmTC_d096d.dir/build.make CMakeFiles/cmTC_d096d.dir/build]
  ignore line: [gmake[1]: Entering directory `/uhpc/roysam/hlu8/project/Cell-Tracking/Deep-TIMING/DT1-preprocessor/clip_rescale/bin/CMakeFiles/CMakeTmp']
  ignore line: [Building CXX object CMakeFiles/cmTC_d096d.dir/CMakeCXXCompilerABI.cpp.o]
  ignore line: [/usr/lib64/ccache/c++      -o CMakeFiles/cmTC_d096d.dir/CMakeCXXCompilerABI.cpp.o -c /share/apps/cmake-3.5.1/share/cmake-3.5/Modules/CMakeCXXCompilerABI.cpp]
  ignore line: [Linking CXX executable cmTC_d096d]
  ignore line: [/share/apps/cmake-3.5.1/bin/cmake -E cmake_link_script CMakeFiles/cmTC_d096d.dir/link.txt --verbose=1]
  ignore line: [/usr/lib64/ccache/c++       -L/uhpc/apps/source/opencv-3.3.0-cuda-8.0/lib -L/usr/lib64/nvidia -L/usr/lib/nvidia -L/share/apps/cudatoolkit-8.0/lib64 -L/share/apps/cudatoolkit-8.0/lib -L/share/apps/gcc/5.4.0/lib64 -L/share/apps/openmpi-1.10.2/lib -v CMakeFiles/cmTC_d096d.dir/CMakeCXXCompilerABI.cpp.o  -o cmTC_d096d -rdynamic  ]
  ignore line: [Using built-in specs.]
  ignore line: [COLLECT_GCC=/share/apps/gcc/5.4.0/bin/c++]
  ignore line: [COLLECT_LTO_WRAPPER=/share/apps/gcc/5.4.0/libexec/gcc/x86_64-redhat-linux/5.4.0/lto-wrapper]
  ignore line: [Target: x86_64-redhat-linux]
  ignore line: [Configured with: ../gcc-5.4.0/configure --prefix=/share/apps/gcc/5.4.0 --enable-threads=posix --with-cloog --disable-multilib --build=x86_64-redhat-linux]
  ignore line: [Thread model: posix]
  ignore line: [gcc version 5.4.0 (GCC) ]
  ignore line: [COMPILER_PATH=/share/apps/gcc/5.4.0/libexec/gcc/x86_64-redhat-linux/5.4.0/:/share/apps/gcc/5.4.0/libexec/gcc/x86_64-redhat-linux/5.4.0/:/share/apps/gcc/5.4.0/libexec/gcc/x86_64-redhat-linux/:/share/apps/gcc/5.4.0/lib/gcc/x86_64-redhat-linux/5.4.0/:/share/apps/gcc/5.4.0/lib/gcc/x86_64-redhat-linux/]
  ignore line: [LIBRARY_PATH=/share/apps/gcc/5.4.0/lib/gcc/x86_64-redhat-linux/5.4.0/:/share/apps/gcc/5.4.0/lib/gcc/x86_64-redhat-linux/5.4.0/../../../../lib64/:/lib/../lib64/:/usr/lib/../lib64/:/share/apps/gcc/5.4.0/lib/gcc/x86_64-redhat-linux/5.4.0/../../../:/lib/:/usr/lib/]
  ignore line: [COLLECT_GCC_OPTIONS='-L/uhpc/apps/source/opencv-3.3.0-cuda-8.0/lib' '-L/usr/lib64/nvidia' '-L/usr/lib/nvidia' '-L/share/apps/cudatoolkit-8.0/lib64' '-L/share/apps/cudatoolkit-8.0/lib' '-L/share/apps/gcc/5.4.0/lib64' '-L/share/apps/openmpi-1.10.2/lib' '-v' '-o' 'cmTC_d096d' '-rdynamic' '-shared-libgcc' '-mtune=generic' '-march=x86-64']
  link line: [ /share/apps/gcc/5.4.0/libexec/gcc/x86_64-redhat-linux/5.4.0/collect2 --eh-frame-hdr -m elf_x86_64 -export-dynamic -dynamic-linker /lib64/ld-linux-x86-64.so.2 -o cmTC_d096d /usr/lib/../lib64/crt1.o /usr/lib/../lib64/crti.o /share/apps/gcc/5.4.0/lib/gcc/x86_64-redhat-linux/5.4.0/crtbegin.o -L/uhpc/apps/source/opencv-3.3.0-cuda-8.0/lib -L/usr/lib64/nvidia -L/usr/lib/nvidia -L/share/apps/cudatoolkit-8.0/lib64 -L/share/apps/cudatoolkit-8.0/lib -L/share/apps/gcc/5.4.0/lib64 -L/share/apps/openmpi-1.10.2/lib -L/share/apps/gcc/5.4.0/lib/gcc/x86_64-redhat-linux/5.4.0 -L/share/apps/gcc/5.4.0/lib/gcc/x86_64-redhat-linux/5.4.0/../../../../lib64 -L/lib/../lib64 -L/usr/lib/../lib64 -L/share/apps/gcc/5.4.0/lib/gcc/x86_64-redhat-linux/5.4.0/../../.. CMakeFiles/cmTC_d096d.dir/CMakeCXXCompilerABI.cpp.o -lstdc++ -lm -lgcc_s -lgcc -lc -lgcc_s -lgcc /share/apps/gcc/5.4.0/lib/gcc/x86_64-redhat-linux/5.4.0/crtend.o /usr/lib/../lib64/crtn.o]
    arg [/share/apps/gcc/5.4.0/libexec/gcc/x86_64-redhat-linux/5.4.0/collect2] ==> ignore
    arg [--eh-frame-hdr] ==> ignore
    arg [-m] ==> ignore
    arg [elf_x86_64] ==> ignore
    arg [-export-dynamic] ==> ignore
    arg [-dynamic-linker] ==> ignore
    arg [/lib64/ld-linux-x86-64.so.2] ==> ignore
    arg [-o] ==> ignore
    arg [cmTC_d096d] ==> ignore
    arg [/usr/lib/../lib64/crt1.o] ==> ignore
    arg [/usr/lib/../lib64/crti.o] ==> ignore
    arg [/share/apps/gcc/5.4.0/lib/gcc/x86_64-redhat-linux/5.4.0/crtbegin.o] ==> ignore
    arg [-L/uhpc/apps/source/opencv-3.3.0-cuda-8.0/lib] ==> dir [/uhpc/apps/source/opencv-3.3.0-cuda-8.0/lib]
    arg [-L/usr/lib64/nvidia] ==> dir [/usr/lib64/nvidia]
    arg [-L/usr/lib/nvidia] ==> dir [/usr/lib/nvidia]
    arg [-L/share/apps/cudatoolkit-8.0/lib64] ==> dir [/share/apps/cudatoolkit-8.0/lib64]
    arg [-L/share/apps/cudatoolkit-8.0/lib] ==> dir [/share/apps/cudatoolkit-8.0/lib]
    arg [-L/share/apps/gcc/5.4.0/lib64] ==> dir [/share/apps/gcc/5.4.0/lib64]
    arg [-L/share/apps/openmpi-1.10.2/lib] ==> dir [/share/apps/openmpi-1.10.2/lib]
    arg [-L/share/apps/gcc/5.4.0/lib/gcc/x86_64-redhat-linux/5.4.0] ==> dir [/share/apps/gcc/5.4.0/lib/gcc/x86_64-redhat-linux/5.4.0]
    arg [-L/share/apps/gcc/5.4.0/lib/gcc/x86_64-redhat-linux/5.4.0/../../../../lib64] ==> dir [/share/apps/gcc/5.4.0/lib/gcc/x86_64-redhat-linux/5.4.0/../../../../lib64]
    arg [-L/lib/../lib64] ==> dir [/lib/../lib64]
    arg [-L/usr/lib/../lib64] ==> dir [/usr/lib/../lib64]
    arg [-L/share/apps/gcc/5.4.0/lib/gcc/x86_64-redhat-linux/5.4.0/../../..] ==> dir [/share/apps/gcc/5.4.0/lib/gcc/x86_64-redhat-linux/5.4.0/../../..]
    arg [CMakeFiles/cmTC_d096d.dir/CMakeCXXCompilerABI.cpp.o] ==> ignore
    arg [-lstdc++] ==> lib [stdc++]
    arg [-lm] ==> lib [m]
    arg [-lgcc_s] ==> lib [gcc_s]
    arg [-lgcc] ==> lib [gcc]
    arg [-lc] ==> lib [c]
    arg [-lgcc_s] ==> lib [gcc_s]
    arg [-lgcc] ==> lib [gcc]
    arg [/share/apps/gcc/5.4.0/lib/gcc/x86_64-redhat-linux/5.4.0/crtend.o] ==> ignore
    arg [/usr/lib/../lib64/crtn.o] ==> ignore
  remove lib [gcc_s]
  remove lib [gcc]
  remove lib [gcc_s]
  remove lib [gcc]
  collapse library dir [/uhpc/apps/source/opencv-3.3.0-cuda-8.0/lib] ==> [/uhpc/apps/source/opencv-3.3.0-cuda-8.0/lib]
  collapse library dir [/usr/lib64/nvidia] ==> [/usr/lib64/nvidia]
  collapse library dir [/usr/lib/nvidia] ==> [/usr/lib/nvidia]
  collapse library dir [/share/apps/cudatoolkit-8.0/lib64] ==> [/share/apps/cudatoolkit-8.0/lib64]
  collapse library dir [/share/apps/cudatoolkit-8.0/lib] ==> [/share/apps/cudatoolkit-8.0/lib]
  collapse library dir [/share/apps/gcc/5.4.0/lib64] ==> [/share/apps/gcc/5.4.0/lib64]
  collapse library dir [/share/apps/openmpi-1.10.2/lib] ==> [/share/apps/openmpi-1.10.2/lib]
  collapse library dir [/share/apps/gcc/5.4.0/lib/gcc/x86_64-redhat-linux/5.4.0] ==> [/share/apps/gcc/5.4.0/lib/gcc/x86_64-redhat-linux/5.4.0]
  collapse library dir [/share/apps/gcc/5.4.0/lib/gcc/x86_64-redhat-linux/5.4.0/../../../../lib64] ==> [/share/apps/gcc/5.4.0/lib64]
  collapse library dir [/lib/../lib64] ==> [/lib64]
  collapse library dir [/usr/lib/../lib64] ==> [/usr/lib64]
  collapse library dir [/share/apps/gcc/5.4.0/lib/gcc/x86_64-redhat-linux/5.4.0/../../..] ==> [/share/apps/gcc/5.4.0/lib]
  implicit libs: [stdc++;m;c]
  implicit dirs: [/uhpc/apps/source/opencv-3.3.0-cuda-8.0/lib;/usr/lib64/nvidia;/usr/lib/nvidia;/share/apps/cudatoolkit-8.0/lib64;/share/apps/cudatoolkit-8.0/lib;/share/apps/gcc/5.4.0/lib64;/share/apps/openmpi-1.10.2/lib;/share/apps/gcc/5.4.0/lib/gcc/x86_64-redhat-linux/5.4.0;/lib64;/usr/lib64;/share/apps/gcc/5.4.0/lib]
  implicit fwks: []




Detecting CXX [-std=c++14] compiler features compiled with the following output:
Change Dir: /uhpc/roysam/hlu8/project/Cell-Tracking/Deep-TIMING/DT1-preprocessor/clip_rescale/bin/CMakeFiles/CMakeTmp

Run Build Command:"/usr/bin/gmake" "cmTC_b6d70/fast"
/usr/bin/gmake -f CMakeFiles/cmTC_b6d70.dir/build.make CMakeFiles/cmTC_b6d70.dir/build
gmake[1]: Entering directory `/uhpc/roysam/hlu8/project/Cell-Tracking/Deep-TIMING/DT1-preprocessor/clip_rescale/bin/CMakeFiles/CMakeTmp'
Building CXX object CMakeFiles/cmTC_b6d70.dir/feature_tests.cxx.o
/usr/lib64/ccache/c++     -std=c++14 -o CMakeFiles/cmTC_b6d70.dir/feature_tests.cxx.o -c /uhpc/roysam/hlu8/project/Cell-Tracking/Deep-TIMING/DT1-preprocessor/clip_rescale/bin/CMakeFiles/feature_tests.cxx
Linking CXX executable cmTC_b6d70
/share/apps/cmake-3.5.1/bin/cmake -E cmake_link_script CMakeFiles/cmTC_b6d70.dir/link.txt --verbose=1
/usr/lib64/ccache/c++       -L/uhpc/apps/source/opencv-3.3.0-cuda-8.0/lib -L/usr/lib64/nvidia -L/usr/lib/nvidia -L/share/apps/cudatoolkit-8.0/lib64 -L/share/apps/cudatoolkit-8.0/lib -L/share/apps/gcc/5.4.0/lib64 -L/share/apps/openmpi-1.10.2/lib  CMakeFiles/cmTC_b6d70.dir/feature_tests.cxx.o  -o cmTC_b6d70 -rdynamic 
gmake[1]: Leaving directory `/uhpc/roysam/hlu8/project/Cell-Tracking/Deep-TIMING/DT1-preprocessor/clip_rescale/bin/CMakeFiles/CMakeTmp'


    Feature record: CXX_FEATURE:1cxx_aggregate_default_initializers
    Feature record: CXX_FEATURE:1cxx_alias_templates
    Feature record: CXX_FEATURE:1cxx_alignas
    Feature record: CXX_FEATURE:1cxx_alignof
    Feature record: CXX_FEATURE:1cxx_attributes
    Feature record: CXX_FEATURE:1cxx_attribute_deprecated
    Feature record: CXX_FEATURE:1cxx_auto_type
    Feature record: CXX_FEATURE:1cxx_binary_literals
    Feature record: CXX_FEATURE:1cxx_constexpr
    Feature record: CXX_FEATURE:1cxx_contextual_conversions
    Feature record: CXX_FEATURE:1cxx_decltype
    Feature record: CXX_FEATURE:1cxx_decltype_auto
    Feature record: CXX_FEATURE:1cxx_decltype_incomplete_return_types
    Feature record: CXX_FEATURE:1cxx_default_function_template_args
    Feature record: CXX_FEATURE:1cxx_defaulted_functions
    Feature record: CXX_FEATURE:1cxx_defaulted_move_initializers
    Feature record: CXX_FEATURE:1cxx_delegating_constructors
    Feature record: CXX_FEATURE:1cxx_deleted_functions
    Feature record: CXX_FEATURE:1cxx_digit_separators
    Feature record: CXX_FEATURE:1cxx_enum_forward_declarations
    Feature record: CXX_FEATURE:1cxx_explicit_conversions
    Feature record: CXX_FEATURE:1cxx_extended_friend_declarations
    Feature record: CXX_FEATURE:1cxx_extern_templates
    Feature record: CXX_FEATURE:1cxx_final
    Feature record: CXX_FEATURE:1cxx_func_identifier
    Feature record: CXX_FEATURE:1cxx_generalized_initializers
    Feature record: CXX_FEATURE:1cxx_generic_lambdas
    Feature record: CXX_FEATURE:1cxx_inheriting_constructors
    Feature record: CXX_FEATURE:1cxx_inline_namespaces
    Feature record: CXX_FEATURE:1cxx_lambdas
    Feature record: CXX_FEATURE:1cxx_lambda_init_captures
    Feature record: CXX_FEATURE:1cxx_local_type_template_args
    Feature record: CXX_FEATURE:1cxx_long_long_type
    Feature record: CXX_FEATURE:1cxx_noexcept
    Feature record: CXX_FEATURE:1cxx_nonstatic_member_init
    Feature record: CXX_FEATURE:1cxx_nullptr
    Feature record: CXX_FEATURE:1cxx_override
    Feature record: CXX_FEATURE:1cxx_range_for
    Feature record: CXX_FEATURE:1cxx_raw_string_literals
    Feature record: CXX_FEATURE:1cxx_reference_qualified_functions
    Feature record: CXX_FEATURE:1cxx_relaxed_constexpr
    Feature record: CXX_FEATURE:1cxx_return_type_deduction
    Feature record: CXX_FEATURE:1cxx_right_angle_brackets
    Feature record: CXX_FEATURE:1cxx_rvalue_references
    Feature record: CXX_FEATURE:1cxx_sizeof_member
    Feature record: CXX_FEATURE:1cxx_static_assert
    Feature record: CXX_FEATURE:1cxx_strong_enums
    Feature record: CXX_FEATURE:1cxx_template_template_parameters
    Feature record: CXX_FEATURE:1cxx_thread_local
    Feature record: CXX_FEATURE:1cxx_trailing_return_types
    Feature record: CXX_FEATURE:1cxx_unicode_literals
    Feature record: CXX_FEATURE:1cxx_uniform_initialization
    Feature record: CXX_FEATURE:1cxx_unrestricted_unions
    Feature record: CXX_FEATURE:1cxx_user_literals
    Feature record: CXX_FEATURE:1cxx_variable_templates
    Feature record: CXX_FEATURE:1cxx_variadic_macros
    Feature record: CXX_FEATURE:1cxx_variadic_templates


Detecting CXX [-std=c++11] compiler features compiled with the following output:
Change Dir: /uhpc/roysam/hlu8/project/Cell-Tracking/Deep-TIMING/DT1-preprocessor/clip_rescale/bin/CMakeFiles/CMakeTmp

Run Build Command:"/usr/bin/gmake" "cmTC_75cba/fast"
/usr/bin/gmake -f CMakeFiles/cmTC_75cba.dir/build.make CMakeFiles/cmTC_75cba.dir/build
gmake[1]: Entering directory `/uhpc/roysam/hlu8/project/Cell-Tracking/Deep-TIMING/DT1-preprocessor/clip_rescale/bin/CMakeFiles/CMakeTmp'
Building CXX object CMakeFiles/cmTC_75cba.dir/feature_tests.cxx.o
/usr/lib64/ccache/c++     -std=c++11 -o CMakeFiles/cmTC_75cba.dir/feature_tests.cxx.o -c /uhpc/roysam/hlu8/project/Cell-Tracking/Deep-TIMING/DT1-preprocessor/clip_rescale/bin/CMakeFiles/feature_tests.cxx
Linking CXX executable cmTC_75cba
/share/apps/cmake-3.5.1/bin/cmake -E cmake_link_script CMakeFiles/cmTC_75cba.dir/link.txt --verbose=1
/usr/lib64/ccache/c++       -L/uhpc/apps/source/opencv-3.3.0-cuda-8.0/lib -L/usr/lib64/nvidia -L/usr/lib/nvidia -L/share/apps/cudatoolkit-8.0/lib64 -L/share/apps/cudatoolkit-8.0/lib -L/share/apps/gcc/5.4.0/lib64 -L/share/apps/openmpi-1.10.2/lib  CMakeFiles/cmTC_75cba.dir/feature_tests.cxx.o  -o cmTC_75cba -rdynamic 
gmake[1]: Leaving directory `/uhpc/roysam/hlu8/project/Cell-Tracking/Deep-TIMING/DT1-preprocessor/clip_rescale/bin/CMakeFiles/CMakeTmp'


    Feature record: CXX_FEATURE:0cxx_aggregate_default_initializers
    Feature record: CXX_FEATURE:1cxx_alias_templates
    Feature record: CXX_FEATURE:1cxx_alignas
    Feature record: CXX_FEATURE:1cxx_alignof
    Feature record: CXX_FEATURE:1cxx_attributes
    Feature record: CXX_FEATURE:0cxx_attribute_deprecated
    Feature record: CXX_FEATURE:1cxx_auto_type
    Feature record: CXX_FEATURE:0cxx_binary_literals
    Feature record: CXX_FEATURE:1cxx_constexpr
    Feature record: CXX_FEATURE:0cxx_contextual_conversions
    Feature record: CXX_FEATURE:1cxx_decltype
    Feature record: CXX_FEATURE:0cxx_decltype_auto
    Feature record: CXX_FEATURE:1cxx_decltype_incomplete_return_types
    Feature record: CXX_FEATURE:1cxx_default_function_template_args
    Feature record: CXX_FEATURE:1cxx_defaulted_functions
    Feature record: CXX_FEATURE:1cxx_defaulted_move_initializers
    Feature record: CXX_FEATURE:1cxx_delegating_constructors
    Feature record: CXX_FEATURE:1cxx_deleted_functions
    Feature record: CXX_FEATURE:0cxx_digit_separators
    Feature record: CXX_FEATURE:1cxx_enum_forward_declarations
    Feature record: CXX_FEATURE:1cxx_explicit_conversions
    Feature record: CXX_FEATURE:1cxx_extended_friend_declarations
    Feature record: CXX_FEATURE:1cxx_extern_templates
    Feature record: CXX_FEATURE:1cxx_final
    Feature record: CXX_FEATURE:1cxx_func_identifier
    Feature record: CXX_FEATURE:1cxx_generalized_initializers
    Feature record: CXX_FEATURE:0cxx_generic_lambdas
    Feature record: CXX_FEATURE:1cxx_inheriting_constructors
    Feature record: CXX_FEATURE:1cxx_inline_namespaces
    Feature record: CXX_FEATURE:1cxx_lambdas
    Feature record: CXX_FEATURE:0cxx_lambda_init_captures
    Feature record: CXX_FEATURE:1cxx_local_type_template_args
    Feature record: CXX_FEATURE:1cxx_long_long_type
    Feature record: CXX_FEATURE:1cxx_noexcept
    Feature record: CXX_FEATURE:1cxx_nonstatic_member_init
    Feature record: CXX_FEATURE:1cxx_nullptr
    Feature record: CXX_FEATURE:1cxx_override
    Feature record: CXX_FEATURE:1cxx_range_for
    Feature record: CXX_FEATURE:1cxx_raw_string_literals
    Feature record: CXX_FEATURE:1cxx_reference_qualified_functions
    Feature record: CXX_FEATURE:0cxx_relaxed_constexpr
    Feature record: CXX_FEATURE:0cxx_return_type_deduction
    Feature record: CXX_FEATURE:1cxx_right_angle_brackets
    Feature record: CXX_FEATURE:1cxx_rvalue_references
    Feature record: CXX_FEATURE:1cxx_sizeof_member
    Feature record: CXX_FEATURE:1cxx_static_assert
    Feature record: CXX_FEATURE:1cxx_strong_enums
    Feature record: CXX_FEATURE:1cxx_template_template_parameters
    Feature record: CXX_FEATURE:1cxx_thread_local
    Feature record: CXX_FEATURE:1cxx_trailing_return_types
    Feature record: CXX_FEATURE:1cxx_unicode_literals
    Feature record: CXX_FEATURE:1cxx_uniform_initialization
    Feature record: CXX_FEATURE:1cxx_unrestricted_unions
    Feature record: CXX_FEATURE:1cxx_user_literals
    Feature record: CXX_FEATURE:0cxx_variable_templates
    Feature record: CXX_FEATURE:1cxx_variadic_macros
    Feature record: CXX_FEATURE:1cxx_variadic_templates


Detecting CXX [-std=c++98] compiler features compiled with the following output:
Change Dir: /uhpc/roysam/hlu8/project/Cell-Tracking/Deep-TIMING/DT1-preprocessor/clip_rescale/bin/CMakeFiles/CMakeTmp

Run Build Command:"/usr/bin/gmake" "cmTC_cb554/fast"
/usr/bin/gmake -f CMakeFiles/cmTC_cb554.dir/build.make CMakeFiles/cmTC_cb554.dir/build
gmake[1]: Entering directory `/uhpc/roysam/hlu8/project/Cell-Tracking/Deep-TIMING/DT1-preprocessor/clip_rescale/bin/CMakeFiles/CMakeTmp'
Building CXX object CMakeFiles/cmTC_cb554.dir/feature_tests.cxx.o
/usr/lib64/ccache/c++     -std=c++98 -o CMakeFiles/cmTC_cb554.dir/feature_tests.cxx.o -c /uhpc/roysam/hlu8/project/Cell-Tracking/Deep-TIMING/DT1-preprocessor/clip_rescale/bin/CMakeFiles/feature_tests.cxx
Linking CXX executable cmTC_cb554
/share/apps/cmake-3.5.1/bin/cmake -E cmake_link_script CMakeFiles/cmTC_cb554.dir/link.txt --verbose=1
/usr/lib64/ccache/c++       -L/uhpc/apps/source/opencv-3.3.0-cuda-8.0/lib -L/usr/lib64/nvidia -L/usr/lib/nvidia -L/share/apps/cudatoolkit-8.0/lib64 -L/share/apps/cudatoolkit-8.0/lib -L/share/apps/gcc/5.4.0/lib64 -L/share/apps/openmpi-1.10.2/lib  CMakeFiles/cmTC_cb554.dir/feature_tests.cxx.o  -o cmTC_cb554 -rdynamic 
gmake[1]: Leaving directory `/uhpc/roysam/hlu8/project/Cell-Tracking/Deep-TIMING/DT1-preprocessor/clip_rescale/bin/CMakeFiles/CMakeTmp'


    Feature record: CXX_FEATURE:0cxx_aggregate_default_initializers
    Feature record: CXX_FEATURE:0cxx_alias_templates
    Feature record: CXX_FEATURE:0cxx_alignas
    Feature record: CXX_FEATURE:0cxx_alignof
    Feature record: CXX_FEATURE:0cxx_attributes
    Feature record: CXX_FEATURE:0cxx_attribute_deprecated
    Feature record: CXX_FEATURE:0cxx_auto_type
    Feature record: CXX_FEATURE:0cxx_binary_literals
    Feature record: CXX_FEATURE:0cxx_constexpr
    Feature record: CXX_FEATURE:0cxx_contextual_conversions
    Feature record: CXX_FEATURE:0cxx_decltype
    Feature record: CXX_FEATURE:0cxx_decltype_auto
    Feature record: CXX_FEATURE:0cxx_decltype_incomplete_return_types
    Feature record: CXX_FEATURE:0cxx_default_function_template_args
    Feature record: CXX_FEATURE:0cxx_defaulted_functions
    Feature record: CXX_FEATURE:0cxx_defaulted_move_initializers
    Feature record: CXX_FEATURE:0cxx_delegating_constructors
    Feature record: CXX_FEATURE:0cxx_deleted_functions
    Feature record: CXX_FEATURE:0cxx_digit_separators
    Feature record: CXX_FEATURE:0cxx_enum_forward_declarations
    Feature record: CXX_FEATURE:0cxx_explicit_conversions
    Feature record: CXX_FEATURE:0cxx_extended_friend_declarations
    Feature record: CXX_FEATURE:0cxx_extern_templates
    Feature record: CXX_FEATURE:0cxx_final
    Feature record: CXX_FEATURE:0cxx_func_identifier
    Feature record: CXX_FEATURE:0cxx_generalized_initializers
    Feature record: CXX_FEATURE:0cxx_generic_lambdas
    Feature record: CXX_FEATURE:0cxx_inheriting_constructors
    Feature record: CXX_FEATURE:0cxx_inline_namespaces
    Feature record: CXX_FEATURE:0cxx_lambdas
    Feature record: CXX_FEATURE:0cxx_lambda_init_captures
    Feature record: CXX_FEATURE:0cxx_local_type_template_args
    Feature record: CXX_FEATURE:0cxx_long_long_type
    Feature record: CXX_FEATURE:0cxx_noexcept
    Feature record: CXX_FEATURE:0cxx_nonstatic_member_init
    Feature record: CXX_FEATURE:0cxx_nullptr
    Feature record: CXX_FEATURE:0cxx_override
    Feature record: CXX_FEATURE:0cxx_range_for
    Feature record: CXX_FEATURE:0cxx_raw_string_literals
    Feature record: CXX_FEATURE:0cxx_reference_qualified_functions
    Feature record: CXX_FEATURE:0cxx_relaxed_constexpr
    Feature record: CXX_FEATURE:0cxx_return_type_deduction
    Feature record: CXX_FEATURE:0cxx_right_angle_brackets
    Feature record: CXX_FEATURE:0cxx_rvalue_references
    Feature record: CXX_FEATURE:0cxx_sizeof_member
    Feature record: CXX_FEATURE:0cxx_static_assert
    Feature record: CXX_FEATURE:0cxx_strong_enums
    Feature record: CXX_FEATURE:1cxx_template_template_parameters
    Feature record: CXX_FEATURE:0cxx_thread_local
    Feature record: CXX_FEATURE:0cxx_trailing_return_types
    Feature record: CXX_FEATURE:0cxx_unicode_literals
    Feature record: CXX_FEATURE:0cxx_uniform_initialization
    Feature record: CXX_FEATURE:0cxx_unrestricted_unions
    Feature record: CXX_FEATURE:0cxx_user_literals
    Feature record: CXX_FEATURE:0cxx_variable_templates
    Feature record: CXX_FEATURE:0cxx_variadic_macros
    Feature record: CXX_FEATURE:0cxx_variadic_templates
